[debug] ----------------------------------------------------------------------
[debug] Command:      C:\nodejs\node.exe C:\Users\na\AppData\Roaming\npm\node_modules\firebase-tools\bin\firebase deploy
[debug] CLI Version:  3.0.8
[debug] Platform:     win32
[debug] Node Version: v6.6.0
[debug] Time:         Sun Oct 16 2016 11:52:33 GMT+0500 (Pakistan Standard Time)
[debug] ----------------------------------------------------------------------
[debug] 
[debug] > command requires scopes: ["email","openid","https://www.googleapis.com/auth/cloudplatformprojects.readonly","https://www.googleapis.com/auth/firebase"]
[debug] >>> HTTP REQUEST GET https://admin.firebase.com/v1/projects/todoappangular2-1d1be 
[debug] <<< HTTP RESPONSE 200
[debug] >>> HTTP REQUEST GET https://admin.firebase.com/v1/database/todoappangular2-1d1be/tokens 
[debug] <<< HTTP RESPONSE 200
[info] 
[info] === Deploying to 'todoappangular2-1d1be'...
[info] 
[info] i  deploying hosting
[info] +  database: rules ready to deploy.
[info] i  hosting: preparing public/dist directory for upload...
[debug] >>> HTTP REQUEST PUT https://deploy.firebase.com/v1/hosting/todoappangular2-1d1be/uploads/-KUBFrbKfO9m_xUr0Bdu?fileCount=9&message= 
[debug] <<< HTTP RESPONSE 200
[info] +  hosting: public/dist folder uploaded successfully
[info] +  hosting: 9 files uploaded successfully
[info] i  starting release process (may take several minutes)...
[debug] >>> HTTP REQUEST POST https://deploy.firebase.com/v1/projects/todoappangular2-1d1be/releases
[debug] <<< HTTP RESPONSE 200
[info] 
[info] +  Deploy complete!
[info] 
[info] Project Console: https://console.firebase.google.com/project/todoappangular2-1d1be/overview
[info] Hosting URL: https://todoappangular2-1d1be.firebaseapp.com
